<?xml version="1.0" encoding="UTF-8"?>
<testsuites name="sort csv" time="86.703" tests="4" failures="0" errors="0">
   <testsuite name="sort csv" tests="4" failures="0" errors="0" time="86.703" skipped="0" timestamp="2025-10-24T08:34:04.829Z" hostname="belajar - DESKTOP-SPLIHBS" id="Test Suites/sort csv">
      <properties>
         <property name="deviceName" value=""/>
         <property name="devicePlatform"/>
         <property name="logFolder" value="C:\\Users\\Baby Groot\\git\\katalon-web-auto\\Reports\\20251024_153154\\sort csv\\20251024_153158"/>
         <property name="logFiles" value="C:\\Users\\Baby Groot\\git\\katalon-web-auto\\Reports\\20251024_153154\\sort csv\\20251024_153158\\console0.log, C:\\Users\\Baby Groot\\git\\katalon-web-auto\\Reports\\20251024_153154\\sort csv\\20251024_153158\\execution0.log"/>
         <property name="attachments" value=""/>
         <property name="hostName" value="belajar - DESKTOP-SPLIHBS"/>
         <property name="os" value="Windows 10 64bit"/>
         <property name="katalonVersion" value="10.3.1.0"/>
         <property name="browser" value="Firefox 144.0"/>
         <property name="userFullName" value="Baby Grooot"/>
         <property name="hostAddress" value="192.168.0.108"/>
         <property name="sessionId" value="63ec08bc-e06f-46ee-9ec2-eee6490488a4"/>
         <property name="projectName" value="katalon-web-auto"/>
         <property name="seleniumVersion" value="4.28.1"/>
         <property name="proxyInformation" value="ProxyInformation { proxyOption=NO_PROXY, proxyServerType=HTTP, username=, password=********, proxyServerAddress=, proxyServerPort=0, executionList=&quot;&quot;, isApplyToDesiredCapabilities=true }"/>
         <property name="platform" value="Windows 10"/>
      </properties>
      <testcase name="Test Cases/saucedemo/TC02-sort product" time="26.568" classname="Test Cases/saucedemo/TC02-sort product" status="PASSED">
         <properties>
            <property name="data_binding"><![CDATA[{"sortType":"az","expected":"Sauce Labs Backpack"}]]></property>
         </properties>
         <system-out><![CDATA[24-10-2025T15:34:06 - [TEST_CASE][PASSED] - Test Cases/saucedemo/TC02-sort product: Test Cases/saucedemo/TC02-sort product

24-10-2025T15:34:07 - [TEST_STEP][PASSED] - callTestCase(findTestCase("saucedemo/login"), [:], STOP_ON_FAILURE): Call Test Case 'Test Cases/saucedemo/login' successfully

24-10-2025T15:34:07 - [TEST_CASE][PASSED] - Test Cases/saucedemo/login: Test Cases/saucedemo/login

24-10-2025T15:34:07 - [TEST_STEP][PASSED] - openBrowser(""): Browser is opened with url: ''

24-10-2025T15:34:08 - [MESSAGE][INFO] - Starting 'Firefox' driver

24-10-2025T15:34:08 - [MESSAGE][INFO] - Action delay is set to 0 milliseconds

24-10-2025T15:34:17 - [MESSAGE][PASSED] - Browser is opened with url: ''

24-10-2025T15:34:17 - [TEST_STEP][PASSED] - navigateToUrl("https://www.saucedemo.com/"): Navigate to 'https://www.saucedemo.com/' successfully

24-10-2025T15:34:21 - [MESSAGE][PASSED] - Navigate to 'https://www.saucedemo.com/' successfully

24-10-2025T15:34:21 - [TEST_STEP][PASSED] - verifyElementPresent(findTestObject("Object Login Page/usernameField"), 1): Object 'Object Repository/Object Login Page/usernameField' is present

24-10-2025T15:34:21 - [MESSAGE][PASSED] - Object 'Object Repository/Object Login Page/usernameField' is present

24-10-2025T15:34:21 - [TEST_STEP][PASSED] - setText(findTestObject("Object Login Page/usernameField"), "standard_user"): Text 'standard_user' is set on object 'Object Repository/Object Login Page/usernameField'

24-10-2025T15:34:22 - [MESSAGE][PASSED] - Text 'standard_user' is set on object 'Object Repository/Object Login Page/usernameField'

24-10-2025T15:34:22 - [TEST_STEP][PASSED] - verifyElementPresent(findTestObject("Object Login Page/passwordField"), 1): Object 'Object Repository/Object Login Page/passwordField' is present

24-10-2025T15:34:22 - [MESSAGE][PASSED] - Object 'Object Repository/Object Login Page/passwordField' is present

24-10-2025T15:34:22 - [TEST_STEP][PASSED] - setText(findTestObject("Object Login Page/passwordField"), "secret_sauce"): Text 'secret_sauce' is set on object 'Object Repository/Object Login Page/passwordField'

24-10-2025T15:34:23 - [MESSAGE][PASSED] - Text 'secret_sauce' is set on object 'Object Repository/Object Login Page/passwordField'

24-10-2025T15:34:23 - [TEST_STEP][PASSED] - verifyElementPresent(findTestObject("Object Login Page/loginBtn"), 1): Object 'Object Repository/Object Login Page/loginBtn' is present

24-10-2025T15:34:23 - [MESSAGE][PASSED] - Object 'Object Repository/Object Login Page/loginBtn' is present

24-10-2025T15:34:23 - [TEST_STEP][PASSED] - click(findTestObject("Object Login Page/loginBtn")): Object: 'Object Repository/Object Login Page/loginBtn' is clicked on

24-10-2025T15:34:24 - [MESSAGE][PASSED] - Object: 'Object Repository/Object Login Page/loginBtn' is clicked on

24-10-2025T15:34:24 - [TEST_STEP][PASSED] - delay(5): Delayed 5 second(s)

24-10-2025T15:34:29 - [MESSAGE][PASSED] - Delayed 5 second(s)

24-10-2025T15:34:29 - [TEST_STEP][PASSED] - verifyElementText(findTestObject("Object Product Page/textProducts"), "Products"): Actual text and expected text of test object 'Object Repository/Object Product Page/textProducts' are matched.

24-10-2025T15:34:29 - [MESSAGE][PASSED] - Actual text and expected text of test object 'Object Repository/Object Product Page/textProducts' are matched.

24-10-2025T15:34:29 - [MESSAGE][PASSED] - Call Test Case 'Test Cases/saucedemo/login' successfully

24-10-2025T15:34:29 - [TEST_STEP][PASSED] - selectOptionByValue(findTestObject("Object Product Page/dropdownSort"), sortType, false): All options with value 'az' are selected in object 'Object Repository/Object Product Page/dropdownSort' 

24-10-2025T15:34:30 - [MESSAGE][PASSED] - All options with value 'az' are selected in object 'Object Repository/Object Product Page/dropdownSort' 

24-10-2025T15:34:30 - [TEST_STEP][PASSED] - firstProduct = getText(findTestObject("Object Product Page/firstProductName")): Text of object 'Object Repository/Object Product Page/firstProductName' is: 'Sauce Labs Backpack'

24-10-2025T15:34:30 - [MESSAGE][PASSED] - Text of object 'Object Repository/Object Product Page/firstProductName' is: 'Sauce Labs Backpack'

24-10-2025T15:34:30 - [TEST_STEP][PASSED] - if (sortType == "az"): Actual text 'Sauce Labs Backpack' and expected text 'Sauce Labs Backpack' are matched 

24-10-2025T15:34:30 - [TEST_STEP][PASSED] - verifyMatch(firstProduct, "Sauce Labs Backpack", false): Actual text 'Sauce Labs Backpack' and expected text 'Sauce Labs Backpack' are matched 

24-10-2025T15:34:30 - [MESSAGE][PASSED] - Actual text 'Sauce Labs Backpack' and expected text 'Sauce Labs Backpack' are matched 

24-10-2025T15:34:30 - [TEST_STEP][PASSED] - closeBrowser(): Browser is closed

24-10-2025T15:34:32 - [MESSAGE][PASSED] - Browser is closed]]></system-out>
         <system-err><![CDATA[]]></system-err>
      </testcase>
      <testcase name="Test Cases/saucedemo/TC02-sort product" time="20.031" classname="Test Cases/saucedemo/TC02-sort product" status="PASSED">
         <properties>
            <property name="data_binding"><![CDATA[{"sortType":"za","expected":"Test.allTheThings() T-Shirt (Red)"}]]></property>
         </properties>
         <system-out><![CDATA[24-10-2025T15:34:32 - [TEST_CASE][PASSED] - Test Cases/saucedemo/TC02-sort product: Test Cases/saucedemo/TC02-sort product

24-10-2025T15:34:32 - [TEST_STEP][PASSED] - callTestCase(findTestCase("saucedemo/login"), [:], STOP_ON_FAILURE): Call Test Case 'Test Cases/saucedemo/login' successfully

24-10-2025T15:34:32 - [TEST_CASE][PASSED] - Test Cases/saucedemo/login: Test Cases/saucedemo/login

24-10-2025T15:34:32 - [TEST_STEP][PASSED] - openBrowser(""): Browser is opened with url: ''

24-10-2025T15:34:32 - [MESSAGE][INFO] - Starting 'Firefox' driver

24-10-2025T15:34:32 - [MESSAGE][INFO] - Action delay is set to 0 milliseconds

24-10-2025T15:34:38 - [MESSAGE][PASSED] - Browser is opened with url: ''

24-10-2025T15:34:38 - [TEST_STEP][PASSED] - navigateToUrl("https://www.saucedemo.com/"): Navigate to 'https://www.saucedemo.com/' successfully

24-10-2025T15:34:40 - [MESSAGE][PASSED] - Navigate to 'https://www.saucedemo.com/' successfully

24-10-2025T15:34:40 - [TEST_STEP][PASSED] - verifyElementPresent(findTestObject("Object Login Page/usernameField"), 1): Object 'Object Repository/Object Login Page/usernameField' is present

24-10-2025T15:34:42 - [MESSAGE][PASSED] - Object 'Object Repository/Object Login Page/usernameField' is present

24-10-2025T15:34:42 - [TEST_STEP][PASSED] - setText(findTestObject("Object Login Page/usernameField"), "standard_user"): Text 'standard_user' is set on object 'Object Repository/Object Login Page/usernameField'

24-10-2025T15:34:42 - [MESSAGE][PASSED] - Text 'standard_user' is set on object 'Object Repository/Object Login Page/usernameField'

24-10-2025T15:34:42 - [TEST_STEP][PASSED] - verifyElementPresent(findTestObject("Object Login Page/passwordField"), 1): Object 'Object Repository/Object Login Page/passwordField' is present

24-10-2025T15:34:43 - [MESSAGE][PASSED] - Object 'Object Repository/Object Login Page/passwordField' is present

24-10-2025T15:34:43 - [TEST_STEP][PASSED] - setText(findTestObject("Object Login Page/passwordField"), "secret_sauce"): Text 'secret_sauce' is set on object 'Object Repository/Object Login Page/passwordField'

24-10-2025T15:34:43 - [MESSAGE][PASSED] - Text 'secret_sauce' is set on object 'Object Repository/Object Login Page/passwordField'

24-10-2025T15:34:43 - [TEST_STEP][PASSED] - verifyElementPresent(findTestObject("Object Login Page/loginBtn"), 1): Object 'Object Repository/Object Login Page/loginBtn' is present

24-10-2025T15:34:44 - [MESSAGE][PASSED] - Object 'Object Repository/Object Login Page/loginBtn' is present

24-10-2025T15:34:44 - [TEST_STEP][PASSED] - click(findTestObject("Object Login Page/loginBtn")): Object: 'Object Repository/Object Login Page/loginBtn' is clicked on

24-10-2025T15:34:44 - [MESSAGE][PASSED] - Object: 'Object Repository/Object Login Page/loginBtn' is clicked on

24-10-2025T15:34:44 - [TEST_STEP][PASSED] - delay(5): Delayed 5 second(s)

24-10-2025T15:34:49 - [MESSAGE][PASSED] - Delayed 5 second(s)

24-10-2025T15:34:49 - [TEST_STEP][PASSED] - verifyElementText(findTestObject("Object Product Page/textProducts"), "Products"): Actual text and expected text of test object 'Object Repository/Object Product Page/textProducts' are matched.

24-10-2025T15:34:49 - [MESSAGE][PASSED] - Actual text and expected text of test object 'Object Repository/Object Product Page/textProducts' are matched.

24-10-2025T15:34:49 - [MESSAGE][PASSED] - Call Test Case 'Test Cases/saucedemo/login' successfully

24-10-2025T15:34:49 - [TEST_STEP][PASSED] - selectOptionByValue(findTestObject("Object Product Page/dropdownSort"), sortType, false): All options with value 'za' are selected in object 'Object Repository/Object Product Page/dropdownSort' 

24-10-2025T15:34:50 - [MESSAGE][PASSED] - All options with value 'za' are selected in object 'Object Repository/Object Product Page/dropdownSort' 

24-10-2025T15:34:50 - [TEST_STEP][PASSED] - firstProduct = getText(findTestObject("Object Product Page/firstProductName")): Text of object 'Object Repository/Object Product Page/firstProductName' is: 'Test.allTheThings() T-Shirt (Red)'

24-10-2025T15:34:51 - [MESSAGE][PASSED] - Text of object 'Object Repository/Object Product Page/firstProductName' is: 'Test.allTheThings() T-Shirt (Red)'

24-10-2025T15:34:51 - [TEST_STEP][PASSED] - if (sortType == "az"): null

24-10-2025T15:34:51 - [TEST_STEP][PASSED] - else if (sortType == "za"): Actual text 'Test.allTheThings() T-Shirt (Red)' and expected text 'Test.allTheThings() T-Shirt (Red)' are matched 

24-10-2025T15:34:51 - [TEST_STEP][PASSED] - verifyMatch(firstProduct, "Test.allTheThings() T-Shirt (Red)", false): Actual text 'Test.allTheThings() T-Shirt (Red)' and expected text 'Test.allTheThings() T-Shirt (Red)' are matched 

24-10-2025T15:34:51 - [MESSAGE][PASSED] - Actual text 'Test.allTheThings() T-Shirt (Red)' and expected text 'Test.allTheThings() T-Shirt (Red)' are matched 

24-10-2025T15:34:51 - [TEST_STEP][PASSED] - closeBrowser(): Browser is closed

24-10-2025T15:34:52 - [MESSAGE][PASSED] - Browser is closed]]></system-out>
         <system-err><![CDATA[]]></system-err>
      </testcase>
      <testcase name="Test Cases/saucedemo/TC02-sort product" time="19.153" classname="Test Cases/saucedemo/TC02-sort product" status="PASSED">
         <properties>
            <property name="data_binding"><![CDATA[{"sortType":"lohi","expected":"Sauce Labs Onesie"}]]></property>
         </properties>
         <system-out><![CDATA[24-10-2025T15:34:52 - [TEST_CASE][PASSED] - Test Cases/saucedemo/TC02-sort product: Test Cases/saucedemo/TC02-sort product

24-10-2025T15:34:52 - [TEST_STEP][PASSED] - callTestCase(findTestCase("saucedemo/login"), [:], STOP_ON_FAILURE): Call Test Case 'Test Cases/saucedemo/login' successfully

24-10-2025T15:34:52 - [TEST_CASE][PASSED] - Test Cases/saucedemo/login: Test Cases/saucedemo/login

24-10-2025T15:34:52 - [TEST_STEP][PASSED] - openBrowser(""): Browser is opened with url: ''

24-10-2025T15:34:52 - [MESSAGE][INFO] - Starting 'Firefox' driver

24-10-2025T15:34:52 - [MESSAGE][INFO] - Action delay is set to 0 milliseconds

24-10-2025T15:34:58 - [MESSAGE][PASSED] - Browser is opened with url: ''

24-10-2025T15:34:58 - [TEST_STEP][PASSED] - navigateToUrl("https://www.saucedemo.com/"): Navigate to 'https://www.saucedemo.com/' successfully

24-10-2025T15:35:00 - [MESSAGE][PASSED] - Navigate to 'https://www.saucedemo.com/' successfully

24-10-2025T15:35:00 - [TEST_STEP][PASSED] - verifyElementPresent(findTestObject("Object Login Page/usernameField"), 1): Object 'Object Repository/Object Login Page/usernameField' is present

24-10-2025T15:35:01 - [MESSAGE][PASSED] - Object 'Object Repository/Object Login Page/usernameField' is present

24-10-2025T15:35:01 - [TEST_STEP][PASSED] - setText(findTestObject("Object Login Page/usernameField"), "standard_user"): Text 'standard_user' is set on object 'Object Repository/Object Login Page/usernameField'

24-10-2025T15:35:02 - [MESSAGE][PASSED] - Text 'standard_user' is set on object 'Object Repository/Object Login Page/usernameField'

24-10-2025T15:35:02 - [TEST_STEP][PASSED] - verifyElementPresent(findTestObject("Object Login Page/passwordField"), 1): Object 'Object Repository/Object Login Page/passwordField' is present

24-10-2025T15:35:02 - [MESSAGE][PASSED] - Object 'Object Repository/Object Login Page/passwordField' is present

24-10-2025T15:35:02 - [TEST_STEP][PASSED] - setText(findTestObject("Object Login Page/passwordField"), "secret_sauce"): Text 'secret_sauce' is set on object 'Object Repository/Object Login Page/passwordField'

24-10-2025T15:35:03 - [MESSAGE][PASSED] - Text 'secret_sauce' is set on object 'Object Repository/Object Login Page/passwordField'

24-10-2025T15:35:03 - [TEST_STEP][PASSED] - verifyElementPresent(findTestObject("Object Login Page/loginBtn"), 1): Object 'Object Repository/Object Login Page/loginBtn' is present

24-10-2025T15:35:03 - [MESSAGE][PASSED] - Object 'Object Repository/Object Login Page/loginBtn' is present

24-10-2025T15:35:03 - [TEST_STEP][PASSED] - click(findTestObject("Object Login Page/loginBtn")): Object: 'Object Repository/Object Login Page/loginBtn' is clicked on

24-10-2025T15:35:03 - [MESSAGE][PASSED] - Object: 'Object Repository/Object Login Page/loginBtn' is clicked on

24-10-2025T15:35:03 - [TEST_STEP][PASSED] - delay(5): Delayed 5 second(s)

24-10-2025T15:35:08 - [MESSAGE][PASSED] - Delayed 5 second(s)

24-10-2025T15:35:08 - [TEST_STEP][PASSED] - verifyElementText(findTestObject("Object Product Page/textProducts"), "Products"): Actual text and expected text of test object 'Object Repository/Object Product Page/textProducts' are matched.

24-10-2025T15:35:09 - [MESSAGE][PASSED] - Actual text and expected text of test object 'Object Repository/Object Product Page/textProducts' are matched.

24-10-2025T15:35:09 - [MESSAGE][PASSED] - Call Test Case 'Test Cases/saucedemo/login' successfully

24-10-2025T15:35:09 - [TEST_STEP][PASSED] - selectOptionByValue(findTestObject("Object Product Page/dropdownSort"), sortType, false): All options with value 'lohi' are selected in object 'Object Repository/Object Product Page/dropdownSort' 

24-10-2025T15:35:09 - [MESSAGE][PASSED] - All options with value 'lohi' are selected in object 'Object Repository/Object Product Page/dropdownSort' 

24-10-2025T15:35:09 - [TEST_STEP][PASSED] - firstProduct = getText(findTestObject("Object Product Page/firstProductName")): Text of object 'Object Repository/Object Product Page/firstProductName' is: 'Sauce Labs Onesie'

24-10-2025T15:35:10 - [MESSAGE][PASSED] - Text of object 'Object Repository/Object Product Page/firstProductName' is: 'Sauce Labs Onesie'

24-10-2025T15:35:10 - [TEST_STEP][PASSED] - if (sortType == "az"): null

24-10-2025T15:35:10 - [TEST_STEP][PASSED] - else if (sortType == "za"): null

24-10-2025T15:35:10 - [TEST_STEP][PASSED] - else if (sortType == "lohi"): Actual text 'Sauce Labs Onesie' and expected text 'Sauce Labs Onesie' are matched 

24-10-2025T15:35:10 - [TEST_STEP][PASSED] - verifyMatch(firstProduct, "Sauce Labs Onesie", false): Actual text 'Sauce Labs Onesie' and expected text 'Sauce Labs Onesie' are matched 

24-10-2025T15:35:10 - [MESSAGE][PASSED] - Actual text 'Sauce Labs Onesie' and expected text 'Sauce Labs Onesie' are matched 

24-10-2025T15:35:10 - [TEST_STEP][PASSED] - closeBrowser(): Browser is closed

24-10-2025T15:35:11 - [MESSAGE][PASSED] - Browser is closed]]></system-out>
         <system-err><![CDATA[]]></system-err>
      </testcase>
      <testcase name="Test Cases/saucedemo/TC02-sort product" time="19.515" classname="Test Cases/saucedemo/TC02-sort product" status="PASSED">
         <properties>
            <property name="data_binding"><![CDATA[{"sortType":"hilo","expected":"Sauce Labs Fleece Jacket"}]]></property>
         </properties>
         <system-out><![CDATA[24-10-2025T15:35:12 - [TEST_CASE][PASSED] - Test Cases/saucedemo/TC02-sort product: Test Cases/saucedemo/TC02-sort product

24-10-2025T15:35:12 - [TEST_STEP][PASSED] - callTestCase(findTestCase("saucedemo/login"), [:], STOP_ON_FAILURE): Call Test Case 'Test Cases/saucedemo/login' successfully

24-10-2025T15:35:12 - [TEST_CASE][PASSED] - Test Cases/saucedemo/login: Test Cases/saucedemo/login

24-10-2025T15:35:12 - [TEST_STEP][PASSED] - openBrowser(""): Browser is opened with url: ''

24-10-2025T15:35:12 - [MESSAGE][INFO] - Starting 'Firefox' driver

24-10-2025T15:35:12 - [MESSAGE][INFO] - Action delay is set to 0 milliseconds

24-10-2025T15:35:17 - [MESSAGE][PASSED] - Browser is opened with url: ''

24-10-2025T15:35:17 - [TEST_STEP][PASSED] - navigateToUrl("https://www.saucedemo.com/"): Navigate to 'https://www.saucedemo.com/' successfully

24-10-2025T15:35:19 - [MESSAGE][PASSED] - Navigate to 'https://www.saucedemo.com/' successfully

24-10-2025T15:35:19 - [TEST_STEP][PASSED] - verifyElementPresent(findTestObject("Object Login Page/usernameField"), 1): Object 'Object Repository/Object Login Page/usernameField' is present

24-10-2025T15:35:20 - [MESSAGE][PASSED] - Object 'Object Repository/Object Login Page/usernameField' is present

24-10-2025T15:35:20 - [TEST_STEP][PASSED] - setText(findTestObject("Object Login Page/usernameField"), "standard_user"): Text 'standard_user' is set on object 'Object Repository/Object Login Page/usernameField'

24-10-2025T15:35:21 - [MESSAGE][PASSED] - Text 'standard_user' is set on object 'Object Repository/Object Login Page/usernameField'

24-10-2025T15:35:21 - [TEST_STEP][PASSED] - verifyElementPresent(findTestObject("Object Login Page/passwordField"), 1): Object 'Object Repository/Object Login Page/passwordField' is present

24-10-2025T15:35:21 - [MESSAGE][PASSED] - Object 'Object Repository/Object Login Page/passwordField' is present

24-10-2025T15:35:21 - [TEST_STEP][PASSED] - setText(findTestObject("Object Login Page/passwordField"), "secret_sauce"): Text 'secret_sauce' is set on object 'Object Repository/Object Login Page/passwordField'

24-10-2025T15:35:22 - [MESSAGE][PASSED] - Text 'secret_sauce' is set on object 'Object Repository/Object Login Page/passwordField'

24-10-2025T15:35:22 - [TEST_STEP][PASSED] - verifyElementPresent(findTestObject("Object Login Page/loginBtn"), 1): Object 'Object Repository/Object Login Page/loginBtn' is present

24-10-2025T15:35:22 - [MESSAGE][PASSED] - Object 'Object Repository/Object Login Page/loginBtn' is present

24-10-2025T15:35:22 - [TEST_STEP][PASSED] - click(findTestObject("Object Login Page/loginBtn")): Object: 'Object Repository/Object Login Page/loginBtn' is clicked on

24-10-2025T15:35:23 - [MESSAGE][PASSED] - Object: 'Object Repository/Object Login Page/loginBtn' is clicked on

24-10-2025T15:35:23 - [TEST_STEP][PASSED] - delay(5): Delayed 5 second(s)

24-10-2025T15:35:28 - [MESSAGE][PASSED] - Delayed 5 second(s)

24-10-2025T15:35:28 - [TEST_STEP][PASSED] - verifyElementText(findTestObject("Object Product Page/textProducts"), "Products"): Actual text and expected text of test object 'Object Repository/Object Product Page/textProducts' are matched.

24-10-2025T15:35:28 - [MESSAGE][PASSED] - Actual text and expected text of test object 'Object Repository/Object Product Page/textProducts' are matched.

24-10-2025T15:35:28 - [MESSAGE][PASSED] - Call Test Case 'Test Cases/saucedemo/login' successfully

24-10-2025T15:35:28 - [TEST_STEP][PASSED] - selectOptionByValue(findTestObject("Object Product Page/dropdownSort"), sortType, false): All options with value 'hilo' are selected in object 'Object Repository/Object Product Page/dropdownSort' 

24-10-2025T15:35:29 - [MESSAGE][PASSED] - All options with value 'hilo' are selected in object 'Object Repository/Object Product Page/dropdownSort' 

24-10-2025T15:35:29 - [TEST_STEP][PASSED] - firstProduct = getText(findTestObject("Object Product Page/firstProductName")): Text of object 'Object Repository/Object Product Page/firstProductName' is: 'Sauce Labs Fleece Jacket'

24-10-2025T15:35:29 - [MESSAGE][PASSED] - Text of object 'Object Repository/Object Product Page/firstProductName' is: 'Sauce Labs Fleece Jacket'

24-10-2025T15:35:29 - [TEST_STEP][PASSED] - if (sortType == "az"): null

24-10-2025T15:35:29 - [TEST_STEP][PASSED] - else if (sortType == "za"): null

24-10-2025T15:35:29 - [TEST_STEP][PASSED] - else if (sortType == "lohi"): null

24-10-2025T15:35:29 - [TEST_STEP][PASSED] - else if (sortType == "hilo"): Actual text 'Sauce Labs Fleece Jacket' and expected text 'Sauce Labs Fleece Jacket' are matched 

24-10-2025T15:35:29 - [TEST_STEP][PASSED] - verifyMatch(firstProduct, "Sauce Labs Fleece Jacket", false): Actual text 'Sauce Labs Fleece Jacket' and expected text 'Sauce Labs Fleece Jacket' are matched 

24-10-2025T15:35:29 - [MESSAGE][PASSED] - Actual text 'Sauce Labs Fleece Jacket' and expected text 'Sauce Labs Fleece Jacket' are matched 

24-10-2025T15:35:29 - [TEST_STEP][PASSED] - closeBrowser(): Browser is closed

24-10-2025T15:35:31 - [MESSAGE][PASSED] - Browser is closed]]></system-out>
         <system-err><![CDATA[]]></system-err>
      </testcase>
      <system-out><![CDATA[24-10-2025T15:34:04 - [TEST_SUITE][PASSED] - sort csv: null]]></system-out>
      <system-err><![CDATA[]]></system-err>
   </testsuite>
</testsuites>
