<?xml version="1.0" encoding="UTF-8"?>
<testsuites name="checkout" time="41.549" tests="1" failures="0" errors="0">
   <testsuite name="checkout" tests="1" failures="0" errors="0" time="41.549" skipped="0" timestamp="2025-10-24T08:29:18.241Z" hostname="belajar - DESKTOP-SPLIHBS" id="Test Suites/checkout">
      <properties>
         <property name="deviceName" value=""/>
         <property name="devicePlatform"/>
         <property name="logFolder" value="C:\\Users\\Baby Groot\\git\\katalon-web-auto\\Reports\\20251024_152909\\checkout\\20251024_152909"/>
         <property name="logFiles" value="C:\\Users\\Baby Groot\\git\\katalon-web-auto\\Reports\\20251024_152909\\checkout\\20251024_152909\\console0.log, C:\\Users\\Baby Groot\\git\\katalon-web-auto\\Reports\\20251024_152909\\checkout\\20251024_152909\\execution0.log"/>
         <property name="attachments" value=""/>
         <property name="hostName" value="belajar - DESKTOP-SPLIHBS"/>
         <property name="os" value="Windows 10 64bit"/>
         <property name="katalonVersion" value="10.3.1.0"/>
         <property name="browser" value="Firefox 144.0"/>
         <property name="userFullName" value="Baby Grooot"/>
         <property name="hostAddress" value="192.168.0.108"/>
         <property name="sessionId" value="55d7af5a-079c-4b27-8a15-97925bc8d0e8"/>
         <property name="projectName" value="katalon-web-auto"/>
         <property name="seleniumVersion" value="4.28.1"/>
         <property name="proxyInformation" value="ProxyInformation { proxyOption=NO_PROXY, proxyServerType=HTTP, username=, password=********, proxyServerAddress=, proxyServerPort=0, executionList=&quot;&quot;, isApplyToDesiredCapabilities=true }"/>
         <property name="platform" value="Windows 10"/>
      </properties>
      <testcase name="Test Cases/saucedemo/TC03-checkout" time="40.068" classname="Test Cases/saucedemo/TC03-checkout" status="PASSED">
         <system-out><![CDATA[24-10-2025T15:29:19 - [TEST_CASE][PASSED] - Test Cases/saucedemo/TC03-checkout: Test Cases/saucedemo/TC03-checkout

24-10-2025T15:29:21 - [TEST_STEP][PASSED] - callTestCase(findTestCase("saucedemo/login"), [:], STOP_ON_FAILURE): Call Test Case 'Test Cases/saucedemo/login' successfully

24-10-2025T15:29:21 - [TEST_CASE][PASSED] - Test Cases/saucedemo/login: Test Cases/saucedemo/login

24-10-2025T15:29:21 - [TEST_STEP][PASSED] - openBrowser(""): Browser is opened with url: ''

24-10-2025T15:29:22 - [MESSAGE][INFO] - Starting 'Firefox' driver

24-10-2025T15:29:22 - [MESSAGE][INFO] - Action delay is set to 0 milliseconds

24-10-2025T15:29:32 - [MESSAGE][PASSED] - Browser is opened with url: ''

24-10-2025T15:29:32 - [TEST_STEP][PASSED] - navigateToUrl("https://www.saucedemo.com/"): Navigate to 'https://www.saucedemo.com/' successfully

24-10-2025T15:29:35 - [MESSAGE][PASSED] - Navigate to 'https://www.saucedemo.com/' successfully

24-10-2025T15:29:35 - [TEST_STEP][PASSED] - verifyElementPresent(findTestObject("Object Login Page/usernameField"), 1): Object 'Object Repository/Object Login Page/usernameField' is present

24-10-2025T15:29:36 - [MESSAGE][PASSED] - Object 'Object Repository/Object Login Page/usernameField' is present

24-10-2025T15:29:36 - [TEST_STEP][PASSED] - setText(findTestObject("Object Login Page/usernameField"), "standard_user"): Text 'standard_user' is set on object 'Object Repository/Object Login Page/usernameField'

24-10-2025T15:29:37 - [MESSAGE][PASSED] - Text 'standard_user' is set on object 'Object Repository/Object Login Page/usernameField'

24-10-2025T15:29:37 - [TEST_STEP][PASSED] - verifyElementPresent(findTestObject("Object Login Page/passwordField"), 1): Object 'Object Repository/Object Login Page/passwordField' is present

24-10-2025T15:29:37 - [MESSAGE][PASSED] - Object 'Object Repository/Object Login Page/passwordField' is present

24-10-2025T15:29:37 - [TEST_STEP][PASSED] - setText(findTestObject("Object Login Page/passwordField"), "secret_sauce"): Text 'secret_sauce' is set on object 'Object Repository/Object Login Page/passwordField'

24-10-2025T15:29:38 - [MESSAGE][PASSED] - Text 'secret_sauce' is set on object 'Object Repository/Object Login Page/passwordField'

24-10-2025T15:29:38 - [TEST_STEP][PASSED] - verifyElementPresent(findTestObject("Object Login Page/loginBtn"), 1): Object 'Object Repository/Object Login Page/loginBtn' is present

24-10-2025T15:29:38 - [MESSAGE][PASSED] - Object 'Object Repository/Object Login Page/loginBtn' is present

24-10-2025T15:29:38 - [TEST_STEP][PASSED] - click(findTestObject("Object Login Page/loginBtn")): Object: 'Object Repository/Object Login Page/loginBtn' is clicked on

24-10-2025T15:29:39 - [MESSAGE][PASSED] - Object: 'Object Repository/Object Login Page/loginBtn' is clicked on

24-10-2025T15:29:39 - [TEST_STEP][PASSED] - delay(5): Delayed 5 second(s)

24-10-2025T15:29:44 - [MESSAGE][PASSED] - Delayed 5 second(s)

24-10-2025T15:29:44 - [TEST_STEP][PASSED] - verifyElementText(findTestObject("Object Product Page/textProducts"), "Products"): Actual text and expected text of test object 'Object Repository/Object Product Page/textProducts' are matched.

24-10-2025T15:29:44 - [MESSAGE][PASSED] - Actual text and expected text of test object 'Object Repository/Object Product Page/textProducts' are matched.

24-10-2025T15:29:44 - [MESSAGE][PASSED] - Call Test Case 'Test Cases/saucedemo/login' successfully

24-10-2025T15:29:44 - [TEST_STEP][PASSED] - selectOptionByValue(findTestObject("Object Product Page/dropdownSort"), "hilo", false): All options with value 'hilo' are selected in object 'Object Repository/Object Product Page/dropdownSort' 

24-10-2025T15:29:45 - [MESSAGE][PASSED] - All options with value 'hilo' are selected in object 'Object Repository/Object Product Page/dropdownSort' 

24-10-2025T15:29:45 - [TEST_STEP][PASSED] - click(findTestObject("Object Product Page/addToCart4")): Object: 'Object Repository/Object Product Page/addToCart4' is clicked on

24-10-2025T15:29:46 - [MESSAGE][PASSED] - Object: 'Object Repository/Object Product Page/addToCart4' is clicked on

24-10-2025T15:29:46 - [TEST_STEP][PASSED] - click(findTestObject("Object Product Page/addToCart3")): Object: 'Object Repository/Object Product Page/addToCart3' is clicked on

24-10-2025T15:29:47 - [MESSAGE][PASSED] - Object: 'Object Repository/Object Product Page/addToCart3' is clicked on

24-10-2025T15:29:47 - [TEST_STEP][PASSED] - click(findTestObject("Object Product Page/addToCart2")): Object: 'Object Repository/Object Product Page/addToCart2' is clicked on

24-10-2025T15:29:47 - [MESSAGE][PASSED] - Object: 'Object Repository/Object Product Page/addToCart2' is clicked on

24-10-2025T15:29:47 - [TEST_STEP][PASSED] - click(findTestObject("Object Product Page/cartIcon")): Object: 'Object Repository/Object Product Page/cartIcon' is clicked on

24-10-2025T15:29:48 - [MESSAGE][PASSED] - Object: 'Object Repository/Object Product Page/cartIcon' is clicked on

24-10-2025T15:29:48 - [TEST_STEP][PASSED] - verifyElementText(findTestObject("Object Cart Page/textYourCart"), "Your Cart"): Actual text and expected text of test object 'Object Repository/Object Cart Page/textYourCart' are matched.

24-10-2025T15:29:48 - [MESSAGE][PASSED] - Actual text and expected text of test object 'Object Repository/Object Cart Page/textYourCart' are matched.

24-10-2025T15:29:48 - [TEST_STEP][PASSED] - click(findTestObject("Object Cart Page/removeProduct", ["index":2])): Object: 'Object Repository/Object Cart Page/removeProduct' is clicked on

24-10-2025T15:29:49 - [MESSAGE][PASSED] - Object: 'Object Repository/Object Cart Page/removeProduct' is clicked on

24-10-2025T15:29:49 - [TEST_STEP][PASSED] - click(findTestObject("Object Cart Page/chekoutBtn")): Object: 'Object Repository/Object Cart Page/chekoutBtn' is clicked on

24-10-2025T15:29:49 - [MESSAGE][PASSED] - Object: 'Object Repository/Object Cart Page/chekoutBtn' is clicked on

24-10-2025T15:29:49 - [TEST_STEP][PASSED] - verifyElementText(findTestObject("Object Cart Page/textChekoutInform"), "Checkout: Your Information"): Actual text and expected text of test object 'Object Repository/Object Cart Page/textChekoutInform' are matched.

24-10-2025T15:29:50 - [MESSAGE][PASSED] - Actual text and expected text of test object 'Object Repository/Object Cart Page/textChekoutInform' are matched.

24-10-2025T15:29:50 - [TEST_STEP][PASSED] - verifyElementPresent(findTestObject("Object Cart Page/firstnameField"), 1): Object 'Object Repository/Object Cart Page/firstnameField' is present

24-10-2025T15:29:50 - [MESSAGE][PASSED] - Object 'Object Repository/Object Cart Page/firstnameField' is present

24-10-2025T15:29:50 - [TEST_STEP][PASSED] - setText(findTestObject("Object Cart Page/firstnameField"), "Baby"): Text 'Baby' is set on object 'Object Repository/Object Cart Page/firstnameField'

24-10-2025T15:29:51 - [MESSAGE][PASSED] - Text 'Baby' is set on object 'Object Repository/Object Cart Page/firstnameField'

24-10-2025T15:29:51 - [TEST_STEP][PASSED] - verifyElementPresent(findTestObject("Object Cart Page/lastnameField"), 1): Object 'Object Repository/Object Cart Page/lastnameField' is present

24-10-2025T15:29:51 - [MESSAGE][PASSED] - Object 'Object Repository/Object Cart Page/lastnameField' is present

24-10-2025T15:29:51 - [TEST_STEP][PASSED] - setText(findTestObject("Object Cart Page/lastnameField"), "Groot"): Text 'Groot' is set on object 'Object Repository/Object Cart Page/lastnameField'

24-10-2025T15:29:52 - [MESSAGE][PASSED] - Text 'Groot' is set on object 'Object Repository/Object Cart Page/lastnameField'

24-10-2025T15:29:52 - [TEST_STEP][PASSED] - verifyElementPresent(findTestObject("Object Cart Page/postalCodeField"), 1): Object 'Object Repository/Object Cart Page/postalCodeField' is present

24-10-2025T15:29:52 - [MESSAGE][PASSED] - Object 'Object Repository/Object Cart Page/postalCodeField' is present

24-10-2025T15:29:52 - [TEST_STEP][PASSED] - setText(findTestObject("Object Cart Page/postalCodeField"), "25586"): Text '25586' is set on object 'Object Repository/Object Cart Page/postalCodeField'

24-10-2025T15:29:53 - [MESSAGE][PASSED] - Text '25586' is set on object 'Object Repository/Object Cart Page/postalCodeField'

24-10-2025T15:29:53 - [TEST_STEP][PASSED] - click(findTestObject("Object Cart Page/continueBtn")): Object: 'Object Repository/Object Cart Page/continueBtn' is clicked on

24-10-2025T15:29:54 - [MESSAGE][PASSED] - Object: 'Object Repository/Object Cart Page/continueBtn' is clicked on

24-10-2025T15:29:54 - [TEST_STEP][PASSED] - verifyElementText(findTestObject("Object Cart Page/textChekcoutOverview"), "Checkout: Overview"): Actual text and expected text of test object 'Object Repository/Object Cart Page/textChekcoutOverview' are matched.

24-10-2025T15:29:54 - [MESSAGE][PASSED] - Actual text and expected text of test object 'Object Repository/Object Cart Page/textChekcoutOverview' are matched.

24-10-2025T15:29:54 - [TEST_STEP][PASSED] - click(findTestObject("Object Cart Page/finishBtn")): Object: 'Object Repository/Object Cart Page/finishBtn' is clicked on

24-10-2025T15:29:55 - [MESSAGE][PASSED] - Object: 'Object Repository/Object Cart Page/finishBtn' is clicked on

24-10-2025T15:29:55 - [TEST_STEP][PASSED] - verifyElementText(findTestObject("Object Cart Page/textChekcoutComplete"), "Checkout: Complete!"): Actual text and expected text of test object 'Object Repository/Object Cart Page/textChekcoutComplete' are matched.

24-10-2025T15:29:55 - [MESSAGE][PASSED] - Actual text and expected text of test object 'Object Repository/Object Cart Page/textChekcoutComplete' are matched.

24-10-2025T15:29:55 - [TEST_STEP][PASSED] - click(findTestObject("Object Cart Page/backHomebtn")): Object: 'Object Repository/Object Cart Page/backHomebtn' is clicked on

24-10-2025T15:29:56 - [MESSAGE][PASSED] - Object: 'Object Repository/Object Cart Page/backHomebtn' is clicked on

24-10-2025T15:29:56 - [TEST_STEP][PASSED] - verifyElementPresent(findTestObject("Object Product Page/menuBtn"), 1): Object 'Object Repository/Object Product Page/menuBtn' is present

24-10-2025T15:29:56 - [MESSAGE][PASSED] - Object 'Object Repository/Object Product Page/menuBtn' is present

24-10-2025T15:29:56 - [TEST_STEP][PASSED] - click(findTestObject("Object Product Page/menuBtn")): Object: 'Object Repository/Object Product Page/menuBtn' is clicked on

24-10-2025T15:29:56 - [MESSAGE][PASSED] - Object: 'Object Repository/Object Product Page/menuBtn' is clicked on

24-10-2025T15:29:56 - [TEST_STEP][PASSED] - verifyElementPresent(findTestObject("Object Product Page/logoutBtn"), 1): Object 'Object Repository/Object Product Page/logoutBtn' is present

24-10-2025T15:29:57 - [MESSAGE][PASSED] - Object 'Object Repository/Object Product Page/logoutBtn' is present

24-10-2025T15:29:57 - [TEST_STEP][PASSED] - click(findTestObject("Object Product Page/logoutBtn")): Object: 'Object Repository/Object Product Page/logoutBtn' is clicked on

24-10-2025T15:29:57 - [MESSAGE][PASSED] - Object: 'Object Repository/Object Product Page/logoutBtn' is clicked on

24-10-2025T15:29:57 - [TEST_STEP][PASSED] - verifyElementPresent(findTestObject("Object Login Page/loginBtn"), 1): Object 'Object Repository/Object Login Page/loginBtn' is present

24-10-2025T15:29:57 - [MESSAGE][PASSED] - Object 'Object Repository/Object Login Page/loginBtn' is present

24-10-2025T15:29:57 - [TEST_STEP][PASSED] - closeBrowser(): Browser is closed

24-10-2025T15:29:59 - [MESSAGE][PASSED] - Browser is closed]]></system-out>
         <system-err><![CDATA[]]></system-err>
      </testcase>
      <system-out><![CDATA[24-10-2025T15:29:18 - [TEST_SUITE][PASSED] - checkout: null]]></system-out>
      <system-err><![CDATA[]]></system-err>
   </testsuite>
</testsuites>
