<?xml version="1.0" encoding="UTF-8"?>
<testsuites name="sort csv" time="87.435" tests="4" failures="0" errors="0">
   <testsuite name="sort csv" tests="4" failures="0" errors="0" time="87.435" skipped="0" timestamp="2025-10-23T12:46:57.590Z" hostname="belajar - DESKTOP-SPLIHBS" id="Test Suites/sort csv">
      <properties>
         <property name="deviceName" value=""/>
         <property name="devicePlatform"/>
         <property name="logFolder" value="C:\\Users\\Baby Groot\\git\\katalon-web-auto\\Reports\\20251023_194648\\sort csv\\20251023_194648"/>
         <property name="logFiles" value="C:\\Users\\Baby Groot\\git\\katalon-web-auto\\Reports\\20251023_194648\\sort csv\\20251023_194648\\console0.log, C:\\Users\\Baby Groot\\git\\katalon-web-auto\\Reports\\20251023_194648\\sort csv\\20251023_194648\\execution0.log"/>
         <property name="attachments" value=""/>
         <property name="hostName" value="belajar - DESKTOP-SPLIHBS"/>
         <property name="os" value="Windows 10 64bit"/>
         <property name="katalonVersion" value="10.3.1.0"/>
         <property name="browser" value="Firefox 144.0"/>
         <property name="userFullName" value="Baby Grooot"/>
         <property name="hostAddress" value="192.168.0.108"/>
         <property name="sessionId" value="4fa0ac2b-eb2f-418b-91c1-8be31d182496"/>
         <property name="projectName" value="katalon-web-auto"/>
         <property name="seleniumVersion" value="4.28.1"/>
         <property name="proxyInformation" value="ProxyInformation { proxyOption=NO_PROXY, proxyServerType=HTTP, username=, password=********, proxyServerAddress=, proxyServerPort=0, executionList=&quot;&quot;, isApplyToDesiredCapabilities=true }"/>
         <property name="platform" value="Windows 10"/>
      </properties>
      <testcase name="Test Cases/sort product" time="24.78" classname="Test Cases/sort product" status="PASSED">
         <properties>
            <property name="data_binding"><![CDATA[{"sortType":"az","expected":"Sauce Labs Backpack"}]]></property>
         </properties>
         <system-out><![CDATA[23-10-2025T19:46:59 - [TEST_CASE][PASSED] - Test Cases/sort product: Test Cases/sort product

23-10-2025T19:47:00 - [TEST_STEP][PASSED] - openBrowser(""): Browser is opened with url: ''

23-10-2025T19:47:01 - [MESSAGE][INFO] - Starting 'Firefox' driver

23-10-2025T19:47:01 - [MESSAGE][INFO] - Action delay is set to 0 milliseconds

23-10-2025T19:47:10 - [MESSAGE][PASSED] - Browser is opened with url: ''

23-10-2025T19:47:10 - [TEST_STEP][PASSED] - navigateToUrl("https://www.saucedemo.com/"): Navigate to 'https://www.saucedemo.com/' successfully

23-10-2025T19:47:12 - [MESSAGE][PASSED] - Navigate to 'https://www.saucedemo.com/' successfully

23-10-2025T19:47:12 - [TEST_STEP][PASSED] - verifyElementPresent(findTestObject("Object Login Page/usernameField"), 1): Object 'Object Repository/Object Login Page/usernameField' is present

23-10-2025T19:47:14 - [MESSAGE][PASSED] - Object 'Object Repository/Object Login Page/usernameField' is present

23-10-2025T19:47:14 - [TEST_STEP][PASSED] - setText(findTestObject("Object Login Page/usernameField"), "standard_user"): Text 'standard_user' is set on object 'Object Repository/Object Login Page/usernameField'

23-10-2025T19:47:15 - [MESSAGE][PASSED] - Text 'standard_user' is set on object 'Object Repository/Object Login Page/usernameField'

23-10-2025T19:47:15 - [TEST_STEP][PASSED] - verifyElementPresent(findTestObject("Object Login Page/passwordField"), 1): Object 'Object Repository/Object Login Page/passwordField' is present

23-10-2025T19:47:15 - [MESSAGE][PASSED] - Object 'Object Repository/Object Login Page/passwordField' is present

23-10-2025T19:47:15 - [TEST_STEP][PASSED] - setText(findTestObject("Object Login Page/passwordField"), "secret_sauce"): Text 'secret_sauce' is set on object 'Object Repository/Object Login Page/passwordField'

23-10-2025T19:47:16 - [MESSAGE][PASSED] - Text 'secret_sauce' is set on object 'Object Repository/Object Login Page/passwordField'

23-10-2025T19:47:16 - [TEST_STEP][PASSED] - verifyElementPresent(findTestObject("Object Login Page/loginBtn"), 1): Object 'Object Repository/Object Login Page/loginBtn' is present

23-10-2025T19:47:16 - [MESSAGE][PASSED] - Object 'Object Repository/Object Login Page/loginBtn' is present

23-10-2025T19:47:16 - [TEST_STEP][PASSED] - click(findTestObject("Object Login Page/loginBtn")): Object: 'Object Repository/Object Login Page/loginBtn' is clicked on

23-10-2025T19:47:17 - [MESSAGE][PASSED] - Object: 'Object Repository/Object Login Page/loginBtn' is clicked on

23-10-2025T19:47:17 - [TEST_STEP][PASSED] - delay(5): Delayed 5 second(s)

23-10-2025T19:47:22 - [MESSAGE][PASSED] - Delayed 5 second(s)

23-10-2025T19:47:22 - [TEST_STEP][PASSED] - click(findTestObject("Object Product Page/dropdownSort")): Object: 'Object Repository/Object Product Page/dropdownSort' is clicked on

23-10-2025T19:47:22 - [MESSAGE][PASSED] - Object: 'Object Repository/Object Product Page/dropdownSort' is clicked on

23-10-2025T19:47:22 - [TEST_STEP][PASSED] - selectOptionByValue(findTestObject("Object Product Page/dropdownSort"), sortType, false): All options with value 'az' are selected in object 'Object Repository/Object Product Page/dropdownSort' 

23-10-2025T19:47:23 - [MESSAGE][PASSED] - All options with value 'az' are selected in object 'Object Repository/Object Product Page/dropdownSort' 

23-10-2025T19:47:23 - [TEST_STEP][PASSED] - firstProduct = getText(findTestObject("Object Product Page/firstProductName")): Text of object 'Object Repository/Object Product Page/firstProductName' is: 'Sauce Labs Backpack'

23-10-2025T19:47:23 - [MESSAGE][PASSED] - Text of object 'Object Repository/Object Product Page/firstProductName' is: 'Sauce Labs Backpack'

23-10-2025T19:47:23 - [TEST_STEP][PASSED] - if (sortType == "az"): Actual text 'Sauce Labs Backpack' and expected text 'Sauce Labs Backpack' are matched 

23-10-2025T19:47:23 - [TEST_STEP][PASSED] - verifyMatch(firstProduct, "Sauce Labs Backpack", false): Actual text 'Sauce Labs Backpack' and expected text 'Sauce Labs Backpack' are matched 

23-10-2025T19:47:23 - [MESSAGE][PASSED] - Actual text 'Sauce Labs Backpack' and expected text 'Sauce Labs Backpack' are matched]]></system-out>
         <system-err><![CDATA[]]></system-err>
      </testcase>
      <testcase name="Test Cases/sort product" time="20.746" classname="Test Cases/sort product" status="PASSED">
         <properties>
            <property name="data_binding"><![CDATA[{"sortType":"za","expected":"Test.allTheThings() T-Shirt (Red)"}]]></property>
         </properties>
         <system-out><![CDATA[23-10-2025T19:47:24 - [TEST_CASE][PASSED] - Test Cases/sort product: Test Cases/sort product

23-10-2025T19:47:24 - [TEST_STEP][PASSED] - openBrowser(""): Browser is opened with url: ''

23-10-2025T19:47:24 - [MESSAGE][WARNING] - A browser is already opened. Closing browser and opening a new one

23-10-2025T19:47:26 - [MESSAGE][INFO] - Starting 'Firefox' driver

23-10-2025T19:47:26 - [MESSAGE][INFO] - Action delay is set to 0 milliseconds

23-10-2025T19:47:32 - [MESSAGE][PASSED] - Browser is opened with url: ''

23-10-2025T19:47:32 - [TEST_STEP][PASSED] - navigateToUrl("https://www.saucedemo.com/"): Navigate to 'https://www.saucedemo.com/' successfully

23-10-2025T19:47:34 - [MESSAGE][PASSED] - Navigate to 'https://www.saucedemo.com/' successfully

23-10-2025T19:47:34 - [TEST_STEP][PASSED] - verifyElementPresent(findTestObject("Object Login Page/usernameField"), 1): Object 'Object Repository/Object Login Page/usernameField' is present

23-10-2025T19:47:35 - [MESSAGE][PASSED] - Object 'Object Repository/Object Login Page/usernameField' is present

23-10-2025T19:47:35 - [TEST_STEP][PASSED] - setText(findTestObject("Object Login Page/usernameField"), "standard_user"): Text 'standard_user' is set on object 'Object Repository/Object Login Page/usernameField'

23-10-2025T19:47:36 - [MESSAGE][PASSED] - Text 'standard_user' is set on object 'Object Repository/Object Login Page/usernameField'

23-10-2025T19:47:36 - [TEST_STEP][PASSED] - verifyElementPresent(findTestObject("Object Login Page/passwordField"), 1): Object 'Object Repository/Object Login Page/passwordField' is present

23-10-2025T19:47:36 - [MESSAGE][PASSED] - Object 'Object Repository/Object Login Page/passwordField' is present

23-10-2025T19:47:36 - [TEST_STEP][PASSED] - setText(findTestObject("Object Login Page/passwordField"), "secret_sauce"): Text 'secret_sauce' is set on object 'Object Repository/Object Login Page/passwordField'

23-10-2025T19:47:37 - [MESSAGE][PASSED] - Text 'secret_sauce' is set on object 'Object Repository/Object Login Page/passwordField'

23-10-2025T19:47:37 - [TEST_STEP][PASSED] - verifyElementPresent(findTestObject("Object Login Page/loginBtn"), 1): Object 'Object Repository/Object Login Page/loginBtn' is present

23-10-2025T19:47:37 - [MESSAGE][PASSED] - Object 'Object Repository/Object Login Page/loginBtn' is present

23-10-2025T19:47:37 - [TEST_STEP][PASSED] - click(findTestObject("Object Login Page/loginBtn")): Object: 'Object Repository/Object Login Page/loginBtn' is clicked on

23-10-2025T19:47:38 - [MESSAGE][PASSED] - Object: 'Object Repository/Object Login Page/loginBtn' is clicked on

23-10-2025T19:47:38 - [TEST_STEP][PASSED] - delay(5): Delayed 5 second(s)

23-10-2025T19:47:43 - [MESSAGE][PASSED] - Delayed 5 second(s)

23-10-2025T19:47:43 - [TEST_STEP][PASSED] - click(findTestObject("Object Product Page/dropdownSort")): Object: 'Object Repository/Object Product Page/dropdownSort' is clicked on

23-10-2025T19:47:43 - [MESSAGE][PASSED] - Object: 'Object Repository/Object Product Page/dropdownSort' is clicked on

23-10-2025T19:47:43 - [TEST_STEP][PASSED] - selectOptionByValue(findTestObject("Object Product Page/dropdownSort"), sortType, false): All options with value 'za' are selected in object 'Object Repository/Object Product Page/dropdownSort' 

23-10-2025T19:47:44 - [MESSAGE][PASSED] - All options with value 'za' are selected in object 'Object Repository/Object Product Page/dropdownSort' 

23-10-2025T19:47:44 - [TEST_STEP][PASSED] - firstProduct = getText(findTestObject("Object Product Page/firstProductName")): Text of object 'Object Repository/Object Product Page/firstProductName' is: 'Test.allTheThings() T-Shirt (Red)'

23-10-2025T19:47:44 - [MESSAGE][PASSED] - Text of object 'Object Repository/Object Product Page/firstProductName' is: 'Test.allTheThings() T-Shirt (Red)'

23-10-2025T19:47:44 - [TEST_STEP][PASSED] - if (sortType == "az"): null

23-10-2025T19:47:44 - [TEST_STEP][PASSED] - else if (sortType == "za"): Actual text 'Test.allTheThings() T-Shirt (Red)' and expected text 'Test.allTheThings() T-Shirt (Red)' are matched 

23-10-2025T19:47:44 - [TEST_STEP][PASSED] - verifyMatch(firstProduct, "Test.allTheThings() T-Shirt (Red)", false): Actual text 'Test.allTheThings() T-Shirt (Red)' and expected text 'Test.allTheThings() T-Shirt (Red)' are matched 

23-10-2025T19:47:44 - [MESSAGE][PASSED] - Actual text 'Test.allTheThings() T-Shirt (Red)' and expected text 'Test.allTheThings() T-Shirt (Red)' are matched]]></system-out>
         <system-err><![CDATA[]]></system-err>
      </testcase>
      <testcase name="Test Cases/sort product" time="19.841" classname="Test Cases/sort product" status="PASSED">
         <properties>
            <property name="data_binding"><![CDATA[{"sortType":"lohi","expected":"$7.99"}]]></property>
         </properties>
         <system-out><![CDATA[23-10-2025T19:47:44 - [TEST_CASE][PASSED] - Test Cases/sort product: Test Cases/sort product

23-10-2025T19:47:44 - [TEST_STEP][PASSED] - openBrowser(""): Browser is opened with url: ''

23-10-2025T19:47:44 - [MESSAGE][WARNING] - A browser is already opened. Closing browser and opening a new one

23-10-2025T19:47:46 - [MESSAGE][INFO] - Starting 'Firefox' driver

23-10-2025T19:47:46 - [MESSAGE][INFO] - Action delay is set to 0 milliseconds

23-10-2025T19:47:52 - [MESSAGE][PASSED] - Browser is opened with url: ''

23-10-2025T19:47:52 - [TEST_STEP][PASSED] - navigateToUrl("https://www.saucedemo.com/"): Navigate to 'https://www.saucedemo.com/' successfully

23-10-2025T19:47:54 - [MESSAGE][PASSED] - Navigate to 'https://www.saucedemo.com/' successfully

23-10-2025T19:47:54 - [TEST_STEP][PASSED] - verifyElementPresent(findTestObject("Object Login Page/usernameField"), 1): Object 'Object Repository/Object Login Page/usernameField' is present

23-10-2025T19:47:55 - [MESSAGE][PASSED] - Object 'Object Repository/Object Login Page/usernameField' is present

23-10-2025T19:47:55 - [TEST_STEP][PASSED] - setText(findTestObject("Object Login Page/usernameField"), "standard_user"): Text 'standard_user' is set on object 'Object Repository/Object Login Page/usernameField'

23-10-2025T19:47:56 - [MESSAGE][PASSED] - Text 'standard_user' is set on object 'Object Repository/Object Login Page/usernameField'

23-10-2025T19:47:56 - [TEST_STEP][PASSED] - verifyElementPresent(findTestObject("Object Login Page/passwordField"), 1): Object 'Object Repository/Object Login Page/passwordField' is present

23-10-2025T19:47:56 - [MESSAGE][PASSED] - Object 'Object Repository/Object Login Page/passwordField' is present

23-10-2025T19:47:56 - [TEST_STEP][PASSED] - setText(findTestObject("Object Login Page/passwordField"), "secret_sauce"): Text 'secret_sauce' is set on object 'Object Repository/Object Login Page/passwordField'

23-10-2025T19:47:57 - [MESSAGE][PASSED] - Text 'secret_sauce' is set on object 'Object Repository/Object Login Page/passwordField'

23-10-2025T19:47:57 - [TEST_STEP][PASSED] - verifyElementPresent(findTestObject("Object Login Page/loginBtn"), 1): Object 'Object Repository/Object Login Page/loginBtn' is present

23-10-2025T19:47:57 - [MESSAGE][PASSED] - Object 'Object Repository/Object Login Page/loginBtn' is present

23-10-2025T19:47:57 - [TEST_STEP][PASSED] - click(findTestObject("Object Login Page/loginBtn")): Object: 'Object Repository/Object Login Page/loginBtn' is clicked on

23-10-2025T19:47:58 - [MESSAGE][PASSED] - Object: 'Object Repository/Object Login Page/loginBtn' is clicked on

23-10-2025T19:47:58 - [TEST_STEP][PASSED] - delay(5): Delayed 5 second(s)

23-10-2025T19:48:03 - [MESSAGE][PASSED] - Delayed 5 second(s)

23-10-2025T19:48:03 - [TEST_STEP][PASSED] - click(findTestObject("Object Product Page/dropdownSort")): Object: 'Object Repository/Object Product Page/dropdownSort' is clicked on

23-10-2025T19:48:03 - [MESSAGE][PASSED] - Object: 'Object Repository/Object Product Page/dropdownSort' is clicked on

23-10-2025T19:48:03 - [TEST_STEP][PASSED] - selectOptionByValue(findTestObject("Object Product Page/dropdownSort"), sortType, false): All options with value 'lohi' are selected in object 'Object Repository/Object Product Page/dropdownSort' 

23-10-2025T19:48:04 - [MESSAGE][PASSED] - All options with value 'lohi' are selected in object 'Object Repository/Object Product Page/dropdownSort' 

23-10-2025T19:48:04 - [TEST_STEP][PASSED] - firstProduct = getText(findTestObject("Object Product Page/firstProductName")): Text of object 'Object Repository/Object Product Page/firstProductName' is: 'Sauce Labs Onesie'

23-10-2025T19:48:04 - [MESSAGE][PASSED] - Text of object 'Object Repository/Object Product Page/firstProductName' is: 'Sauce Labs Onesie'

23-10-2025T19:48:04 - [TEST_STEP][PASSED] - if (sortType == "az"): null

23-10-2025T19:48:04 - [TEST_STEP][PASSED] - else if (sortType == "za"): null

23-10-2025T19:48:04 - [TEST_STEP][PASSED] - else if (sortType == "lohi"): Actual text 'Sauce Labs Onesie' and expected text 'Sauce Labs Onesie' are matched 

23-10-2025T19:48:04 - [TEST_STEP][PASSED] - verifyMatch(firstProduct, "Sauce Labs Onesie", false): Actual text 'Sauce Labs Onesie' and expected text 'Sauce Labs Onesie' are matched 

23-10-2025T19:48:04 - [MESSAGE][PASSED] - Actual text 'Sauce Labs Onesie' and expected text 'Sauce Labs Onesie' are matched]]></system-out>
         <system-err><![CDATA[]]></system-err>
      </testcase>
      <testcase name="Test Cases/sort product" time="20.177" classname="Test Cases/sort product" status="PASSED">
         <properties>
            <property name="data_binding"><![CDATA[{"sortType":"hilo","expected":"$49.99"}]]></property>
         </properties>
         <system-out><![CDATA[23-10-2025T19:48:04 - [TEST_CASE][PASSED] - Test Cases/sort product: Test Cases/sort product

23-10-2025T19:48:04 - [TEST_STEP][PASSED] - openBrowser(""): Browser is opened with url: ''

23-10-2025T19:48:04 - [MESSAGE][WARNING] - A browser is already opened. Closing browser and opening a new one

23-10-2025T19:48:06 - [MESSAGE][INFO] - Starting 'Firefox' driver

23-10-2025T19:48:06 - [MESSAGE][INFO] - Action delay is set to 0 milliseconds

23-10-2025T19:48:12 - [MESSAGE][PASSED] - Browser is opened with url: ''

23-10-2025T19:48:12 - [TEST_STEP][PASSED] - navigateToUrl("https://www.saucedemo.com/"): Navigate to 'https://www.saucedemo.com/' successfully

23-10-2025T19:48:14 - [MESSAGE][PASSED] - Navigate to 'https://www.saucedemo.com/' successfully

23-10-2025T19:48:14 - [TEST_STEP][PASSED] - verifyElementPresent(findTestObject("Object Login Page/usernameField"), 1): Object 'Object Repository/Object Login Page/usernameField' is present

23-10-2025T19:48:15 - [MESSAGE][PASSED] - Object 'Object Repository/Object Login Page/usernameField' is present

23-10-2025T19:48:15 - [TEST_STEP][PASSED] - setText(findTestObject("Object Login Page/usernameField"), "standard_user"): Text 'standard_user' is set on object 'Object Repository/Object Login Page/usernameField'

23-10-2025T19:48:16 - [MESSAGE][PASSED] - Text 'standard_user' is set on object 'Object Repository/Object Login Page/usernameField'

23-10-2025T19:48:16 - [TEST_STEP][PASSED] - verifyElementPresent(findTestObject("Object Login Page/passwordField"), 1): Object 'Object Repository/Object Login Page/passwordField' is present

23-10-2025T19:48:16 - [MESSAGE][PASSED] - Object 'Object Repository/Object Login Page/passwordField' is present

23-10-2025T19:48:16 - [TEST_STEP][PASSED] - setText(findTestObject("Object Login Page/passwordField"), "secret_sauce"): Text 'secret_sauce' is set on object 'Object Repository/Object Login Page/passwordField'

23-10-2025T19:48:17 - [MESSAGE][PASSED] - Text 'secret_sauce' is set on object 'Object Repository/Object Login Page/passwordField'

23-10-2025T19:48:17 - [TEST_STEP][PASSED] - verifyElementPresent(findTestObject("Object Login Page/loginBtn"), 1): Object 'Object Repository/Object Login Page/loginBtn' is present

23-10-2025T19:48:17 - [MESSAGE][PASSED] - Object 'Object Repository/Object Login Page/loginBtn' is present

23-10-2025T19:48:17 - [TEST_STEP][PASSED] - click(findTestObject("Object Login Page/loginBtn")): Object: 'Object Repository/Object Login Page/loginBtn' is clicked on

23-10-2025T19:48:18 - [MESSAGE][PASSED] - Object: 'Object Repository/Object Login Page/loginBtn' is clicked on

23-10-2025T19:48:18 - [TEST_STEP][PASSED] - delay(5): Delayed 5 second(s)

23-10-2025T19:48:23 - [MESSAGE][PASSED] - Delayed 5 second(s)

23-10-2025T19:48:23 - [TEST_STEP][PASSED] - click(findTestObject("Object Product Page/dropdownSort")): Object: 'Object Repository/Object Product Page/dropdownSort' is clicked on

23-10-2025T19:48:23 - [MESSAGE][PASSED] - Object: 'Object Repository/Object Product Page/dropdownSort' is clicked on

23-10-2025T19:48:23 - [TEST_STEP][PASSED] - selectOptionByValue(findTestObject("Object Product Page/dropdownSort"), sortType, false): All options with value 'hilo' are selected in object 'Object Repository/Object Product Page/dropdownSort' 

23-10-2025T19:48:24 - [MESSAGE][PASSED] - All options with value 'hilo' are selected in object 'Object Repository/Object Product Page/dropdownSort' 

23-10-2025T19:48:24 - [TEST_STEP][PASSED] - firstProduct = getText(findTestObject("Object Product Page/firstProductName")): Text of object 'Object Repository/Object Product Page/firstProductName' is: 'Sauce Labs Fleece Jacket'

23-10-2025T19:48:25 - [MESSAGE][PASSED] - Text of object 'Object Repository/Object Product Page/firstProductName' is: 'Sauce Labs Fleece Jacket'

23-10-2025T19:48:25 - [TEST_STEP][PASSED] - if (sortType == "az"): null

23-10-2025T19:48:25 - [TEST_STEP][PASSED] - else if (sortType == "za"): null

23-10-2025T19:48:25 - [TEST_STEP][PASSED] - else if (sortType == "lohi"): null

23-10-2025T19:48:25 - [TEST_STEP][PASSED] - else if (sortType == "hilo"): Actual text 'Sauce Labs Fleece Jacket' and expected text 'Sauce Labs Fleece Jacket' are matched 

23-10-2025T19:48:25 - [TEST_STEP][PASSED] - verifyMatch(firstProduct, "Sauce Labs Fleece Jacket", false): Actual text 'Sauce Labs Fleece Jacket' and expected text 'Sauce Labs Fleece Jacket' are matched 

23-10-2025T19:48:25 - [MESSAGE][PASSED] - Actual text 'Sauce Labs Fleece Jacket' and expected text 'Sauce Labs Fleece Jacket' are matched]]></system-out>
         <system-err><![CDATA[]]></system-err>
      </testcase>
      <system-out><![CDATA[23-10-2025T19:46:57 - [TEST_SUITE][PASSED] - sort csv: null]]></system-out>
      <system-err><![CDATA[]]></system-err>
   </testsuite>
</testsuites>
