<?xml version="1.0" encoding="UTF-8"?>
<testsuites name="sort csv" time="93.315" tests="4" failures="0" errors="0">
   <testsuite name="sort csv" tests="4" failures="0" errors="0" time="93.315" skipped="0" timestamp="2025-10-23T12:38:55.751Z" hostname="belajar - DESKTOP-SPLIHBS" id="Test Suites/sort csv">
      <properties>
         <property name="deviceName" value=""/>
         <property name="devicePlatform"/>
         <property name="logFolder" value="C:\\Users\\Baby Groot\\git\\katalon-web-auto\\Reports\\20251023_193846\\sort csv\\20251023_193846"/>
         <property name="logFiles" value="C:\\Users\\Baby Groot\\git\\katalon-web-auto\\Reports\\20251023_193846\\sort csv\\20251023_193846\\console0.log, C:\\Users\\Baby Groot\\git\\katalon-web-auto\\Reports\\20251023_193846\\sort csv\\20251023_193846\\execution0.log"/>
         <property name="attachments" value=""/>
         <property name="hostName" value="belajar - DESKTOP-SPLIHBS"/>
         <property name="os" value="Windows 10 64bit"/>
         <property name="katalonVersion" value="10.3.1.0"/>
         <property name="browser" value="Firefox 144.0"/>
         <property name="userFullName" value="Baby Grooot"/>
         <property name="hostAddress" value="192.168.0.108"/>
         <property name="sessionId" value="a5aa7415-8ae5-4cd5-b415-9e012321d7d0"/>
         <property name="projectName" value="katalon-web-auto"/>
         <property name="seleniumVersion" value="4.28.1"/>
         <property name="proxyInformation" value="ProxyInformation { proxyOption=NO_PROXY, proxyServerType=HTTP, username=, password=********, proxyServerAddress=, proxyServerPort=0, executionList=&quot;&quot;, isApplyToDesiredCapabilities=true }"/>
         <property name="platform" value="Windows 10"/>
      </properties>
      <testcase name="Test Cases/sort product" time="26.412" classname="Test Cases/sort product" status="PASSED">
         <properties>
            <property name="data_binding"><![CDATA[{"sortType":"az","expected":"Sauce Labs Backpack"}]]></property>
         </properties>
         <system-out><![CDATA[23-10-2025T19:38:57 - [TEST_CASE][PASSED] - Test Cases/sort product: Test Cases/sort product

23-10-2025T19:38:59 - [TEST_STEP][PASSED] - openBrowser(""): Browser is opened with url: ''

23-10-2025T19:39:00 - [MESSAGE][INFO] - Starting 'Firefox' driver

23-10-2025T19:39:00 - [MESSAGE][INFO] - Action delay is set to 0 milliseconds

23-10-2025T19:39:09 - [MESSAGE][PASSED] - Browser is opened with url: ''

23-10-2025T19:39:09 - [TEST_STEP][PASSED] - navigateToUrl("https://www.saucedemo.com/"): Navigate to 'https://www.saucedemo.com/' successfully

23-10-2025T19:39:13 - [MESSAGE][PASSED] - Navigate to 'https://www.saucedemo.com/' successfully

23-10-2025T19:39:13 - [TEST_STEP][PASSED] - verifyElementPresent(findTestObject("Object Login Page/usernameField"), 1): Object 'Object Repository/Object Login Page/usernameField' is present

23-10-2025T19:39:14 - [MESSAGE][PASSED] - Object 'Object Repository/Object Login Page/usernameField' is present

23-10-2025T19:39:14 - [TEST_STEP][PASSED] - setText(findTestObject("Object Login Page/usernameField"), "standard_user"): Text 'standard_user' is set on object 'Object Repository/Object Login Page/usernameField'

23-10-2025T19:39:15 - [MESSAGE][PASSED] - Text 'standard_user' is set on object 'Object Repository/Object Login Page/usernameField'

23-10-2025T19:39:15 - [TEST_STEP][PASSED] - verifyElementPresent(findTestObject("Object Login Page/passwordField"), 1): Object 'Object Repository/Object Login Page/passwordField' is present

23-10-2025T19:39:15 - [MESSAGE][PASSED] - Object 'Object Repository/Object Login Page/passwordField' is present

23-10-2025T19:39:16 - [TEST_STEP][PASSED] - setText(findTestObject("Object Login Page/passwordField"), "secret_sauce"): Text 'secret_sauce' is set on object 'Object Repository/Object Login Page/passwordField'

23-10-2025T19:39:16 - [MESSAGE][PASSED] - Text 'secret_sauce' is set on object 'Object Repository/Object Login Page/passwordField'

23-10-2025T19:39:16 - [TEST_STEP][PASSED] - verifyElementPresent(findTestObject("Object Login Page/loginBtn"), 1): Object 'Object Repository/Object Login Page/loginBtn' is present

23-10-2025T19:39:16 - [MESSAGE][PASSED] - Object 'Object Repository/Object Login Page/loginBtn' is present

23-10-2025T19:39:17 - [TEST_STEP][PASSED] - click(findTestObject("Object Login Page/loginBtn")): Object: 'Object Repository/Object Login Page/loginBtn' is clicked on

23-10-2025T19:39:17 - [MESSAGE][PASSED] - Object: 'Object Repository/Object Login Page/loginBtn' is clicked on

23-10-2025T19:39:17 - [TEST_STEP][PASSED] - delay(5): Delayed 5 second(s)

23-10-2025T19:39:22 - [MESSAGE][PASSED] - Delayed 5 second(s)

23-10-2025T19:39:22 - [TEST_STEP][PASSED] - click(findTestObject("Object Product Page/dropdownSort")): Object: 'Object Repository/Object Product Page/dropdownSort' is clicked on

23-10-2025T19:39:23 - [MESSAGE][PASSED] - Object: 'Object Repository/Object Product Page/dropdownSort' is clicked on

23-10-2025T19:39:23 - [TEST_STEP][PASSED] - selectOptionByValue(findTestObject("Object Product Page/dropdownSort"), sortType, false): All options with value 'az' are selected in object 'Object Repository/Object Product Page/dropdownSort' 

23-10-2025T19:39:23 - [MESSAGE][PASSED] - All options with value 'az' are selected in object 'Object Repository/Object Product Page/dropdownSort' 

23-10-2025T19:39:24 - [TEST_STEP][PASSED] - firstProduct = getText(findTestObject("Object Product Page/firstProductName")): Text of object 'Object Repository/Object Product Page/firstProductName' is: 'Sauce Labs Backpack'

23-10-2025T19:39:24 - [MESSAGE][PASSED] - Text of object 'Object Repository/Object Product Page/firstProductName' is: 'Sauce Labs Backpack'

23-10-2025T19:39:24 - [TEST_STEP][PASSED] - if (sortType == "az"): Actual text 'Sauce Labs Backpack' and expected text 'Sauce Labs Backpack' are matched 

23-10-2025T19:39:24 - [TEST_STEP][PASSED] - verifyMatch(firstProduct, "Sauce Labs Backpack", false): Actual text 'Sauce Labs Backpack' and expected text 'Sauce Labs Backpack' are matched 

23-10-2025T19:39:24 - [MESSAGE][PASSED] - Actual text 'Sauce Labs Backpack' and expected text 'Sauce Labs Backpack' are matched]]></system-out>
         <system-err><![CDATA[]]></system-err>
      </testcase>
      <testcase name="Test Cases/sort product" time="22.177" classname="Test Cases/sort product" status="PASSED">
         <properties>
            <property name="data_binding"><![CDATA[{"sortType":"za","expected":"Test.allTheThings() T-Shirt (Red)"}]]></property>
         </properties>
         <system-out><![CDATA[23-10-2025T19:39:24 - [TEST_CASE][PASSED] - Test Cases/sort product: Test Cases/sort product

23-10-2025T19:39:24 - [TEST_STEP][PASSED] - openBrowser(""): Browser is opened with url: ''

23-10-2025T19:39:24 - [MESSAGE][WARNING] - A browser is already opened. Closing browser and opening a new one

23-10-2025T19:39:26 - [MESSAGE][INFO] - Starting 'Firefox' driver

23-10-2025T19:39:26 - [MESSAGE][INFO] - Action delay is set to 0 milliseconds

23-10-2025T19:39:33 - [MESSAGE][PASSED] - Browser is opened with url: ''

23-10-2025T19:39:33 - [TEST_STEP][PASSED] - navigateToUrl("https://www.saucedemo.com/"): Navigate to 'https://www.saucedemo.com/' successfully

23-10-2025T19:39:36 - [MESSAGE][PASSED] - Navigate to 'https://www.saucedemo.com/' successfully

23-10-2025T19:39:36 - [TEST_STEP][PASSED] - verifyElementPresent(findTestObject("Object Login Page/usernameField"), 1): Object 'Object Repository/Object Login Page/usernameField' is present

23-10-2025T19:39:37 - [MESSAGE][PASSED] - Object 'Object Repository/Object Login Page/usernameField' is present

23-10-2025T19:39:37 - [TEST_STEP][PASSED] - setText(findTestObject("Object Login Page/usernameField"), "standard_user"): Text 'standard_user' is set on object 'Object Repository/Object Login Page/usernameField'

23-10-2025T19:39:38 - [MESSAGE][PASSED] - Text 'standard_user' is set on object 'Object Repository/Object Login Page/usernameField'

23-10-2025T19:39:38 - [TEST_STEP][PASSED] - verifyElementPresent(findTestObject("Object Login Page/passwordField"), 1): Object 'Object Repository/Object Login Page/passwordField' is present

23-10-2025T19:39:38 - [MESSAGE][PASSED] - Object 'Object Repository/Object Login Page/passwordField' is present

23-10-2025T19:39:38 - [TEST_STEP][PASSED] - setText(findTestObject("Object Login Page/passwordField"), "secret_sauce"): Text 'secret_sauce' is set on object 'Object Repository/Object Login Page/passwordField'

23-10-2025T19:39:39 - [MESSAGE][PASSED] - Text 'secret_sauce' is set on object 'Object Repository/Object Login Page/passwordField'

23-10-2025T19:39:39 - [TEST_STEP][PASSED] - verifyElementPresent(findTestObject("Object Login Page/loginBtn"), 1): Object 'Object Repository/Object Login Page/loginBtn' is present

23-10-2025T19:39:39 - [MESSAGE][PASSED] - Object 'Object Repository/Object Login Page/loginBtn' is present

23-10-2025T19:39:39 - [TEST_STEP][PASSED] - click(findTestObject("Object Login Page/loginBtn")): Object: 'Object Repository/Object Login Page/loginBtn' is clicked on

23-10-2025T19:39:39 - [MESSAGE][PASSED] - Object: 'Object Repository/Object Login Page/loginBtn' is clicked on

23-10-2025T19:39:39 - [TEST_STEP][PASSED] - delay(5): Delayed 5 second(s)

23-10-2025T19:39:44 - [MESSAGE][PASSED] - Delayed 5 second(s)

23-10-2025T19:39:44 - [TEST_STEP][PASSED] - click(findTestObject("Object Product Page/dropdownSort")): Object: 'Object Repository/Object Product Page/dropdownSort' is clicked on

23-10-2025T19:39:45 - [MESSAGE][PASSED] - Object: 'Object Repository/Object Product Page/dropdownSort' is clicked on

23-10-2025T19:39:45 - [TEST_STEP][PASSED] - selectOptionByValue(findTestObject("Object Product Page/dropdownSort"), sortType, false): All options with value 'za' are selected in object 'Object Repository/Object Product Page/dropdownSort' 

23-10-2025T19:39:46 - [MESSAGE][PASSED] - All options with value 'za' are selected in object 'Object Repository/Object Product Page/dropdownSort' 

23-10-2025T19:39:46 - [TEST_STEP][PASSED] - firstProduct = getText(findTestObject("Object Product Page/firstProductName")): Text of object 'Object Repository/Object Product Page/firstProductName' is: 'Test.allTheThings() T-Shirt (Red)'

23-10-2025T19:39:46 - [MESSAGE][PASSED] - Text of object 'Object Repository/Object Product Page/firstProductName' is: 'Test.allTheThings() T-Shirt (Red)'

23-10-2025T19:39:46 - [TEST_STEP][PASSED] - if (sortType == "az"): null

23-10-2025T19:39:46 - [TEST_STEP][PASSED] - else if (sortType == "za"): Actual text 'Test.allTheThings() T-Shirt (Red)' and expected text 'Test.allTheThings() T-Shirt (Red)' are matched 

23-10-2025T19:39:46 - [TEST_STEP][PASSED] - verifyMatch(firstProduct, "Test.allTheThings() T-Shirt (Red)", false): Actual text 'Test.allTheThings() T-Shirt (Red)' and expected text 'Test.allTheThings() T-Shirt (Red)' are matched 

23-10-2025T19:39:46 - [MESSAGE][PASSED] - Actual text 'Test.allTheThings() T-Shirt (Red)' and expected text 'Test.allTheThings() T-Shirt (Red)' are matched]]></system-out>
         <system-err><![CDATA[]]></system-err>
      </testcase>
      <testcase name="Test Cases/sort product" time="21.263" classname="Test Cases/sort product" status="PASSED">
         <properties>
            <property name="data_binding"><![CDATA[{"sortType":"lohi","expected":"$7.99"}]]></property>
         </properties>
         <system-out><![CDATA[23-10-2025T19:39:46 - [TEST_CASE][PASSED] - Test Cases/sort product: Test Cases/sort product

23-10-2025T19:39:46 - [TEST_STEP][PASSED] - openBrowser(""): Browser is opened with url: ''

23-10-2025T19:39:46 - [MESSAGE][WARNING] - A browser is already opened. Closing browser and opening a new one

23-10-2025T19:39:48 - [MESSAGE][INFO] - Starting 'Firefox' driver

23-10-2025T19:39:48 - [MESSAGE][INFO] - Action delay is set to 0 milliseconds

23-10-2025T19:39:55 - [MESSAGE][PASSED] - Browser is opened with url: ''

23-10-2025T19:39:55 - [TEST_STEP][PASSED] - navigateToUrl("https://www.saucedemo.com/"): Navigate to 'https://www.saucedemo.com/' successfully

23-10-2025T19:39:57 - [MESSAGE][PASSED] - Navigate to 'https://www.saucedemo.com/' successfully

23-10-2025T19:39:57 - [TEST_STEP][PASSED] - verifyElementPresent(findTestObject("Object Login Page/usernameField"), 1): Object 'Object Repository/Object Login Page/usernameField' is present

23-10-2025T19:39:58 - [MESSAGE][PASSED] - Object 'Object Repository/Object Login Page/usernameField' is present

23-10-2025T19:39:58 - [TEST_STEP][PASSED] - setText(findTestObject("Object Login Page/usernameField"), "standard_user"): Text 'standard_user' is set on object 'Object Repository/Object Login Page/usernameField'

23-10-2025T19:39:59 - [MESSAGE][PASSED] - Text 'standard_user' is set on object 'Object Repository/Object Login Page/usernameField'

23-10-2025T19:39:59 - [TEST_STEP][PASSED] - verifyElementPresent(findTestObject("Object Login Page/passwordField"), 1): Object 'Object Repository/Object Login Page/passwordField' is present

23-10-2025T19:39:59 - [MESSAGE][PASSED] - Object 'Object Repository/Object Login Page/passwordField' is present

23-10-2025T19:39:59 - [TEST_STEP][PASSED] - setText(findTestObject("Object Login Page/passwordField"), "secret_sauce"): Text 'secret_sauce' is set on object 'Object Repository/Object Login Page/passwordField'

23-10-2025T19:40:00 - [MESSAGE][PASSED] - Text 'secret_sauce' is set on object 'Object Repository/Object Login Page/passwordField'

23-10-2025T19:40:00 - [TEST_STEP][PASSED] - verifyElementPresent(findTestObject("Object Login Page/loginBtn"), 1): Object 'Object Repository/Object Login Page/loginBtn' is present

23-10-2025T19:40:00 - [MESSAGE][PASSED] - Object 'Object Repository/Object Login Page/loginBtn' is present

23-10-2025T19:40:00 - [TEST_STEP][PASSED] - click(findTestObject("Object Login Page/loginBtn")): Object: 'Object Repository/Object Login Page/loginBtn' is clicked on

23-10-2025T19:40:01 - [MESSAGE][PASSED] - Object: 'Object Repository/Object Login Page/loginBtn' is clicked on

23-10-2025T19:40:01 - [TEST_STEP][PASSED] - delay(5): Delayed 5 second(s)

23-10-2025T19:40:06 - [MESSAGE][PASSED] - Delayed 5 second(s)

23-10-2025T19:40:06 - [TEST_STEP][PASSED] - click(findTestObject("Object Product Page/dropdownSort")): Object: 'Object Repository/Object Product Page/dropdownSort' is clicked on

23-10-2025T19:40:06 - [MESSAGE][PASSED] - Object: 'Object Repository/Object Product Page/dropdownSort' is clicked on

23-10-2025T19:40:06 - [TEST_STEP][PASSED] - selectOptionByValue(findTestObject("Object Product Page/dropdownSort"), sortType, false): All options with value 'lohi' are selected in object 'Object Repository/Object Product Page/dropdownSort' 

23-10-2025T19:40:07 - [MESSAGE][PASSED] - All options with value 'lohi' are selected in object 'Object Repository/Object Product Page/dropdownSort' 

23-10-2025T19:40:07 - [TEST_STEP][PASSED] - firstProduct = getText(findTestObject("Object Product Page/firstProductName")): Text of object 'Object Repository/Object Product Page/firstProductName' is: 'Sauce Labs Onesie'

23-10-2025T19:40:08 - [MESSAGE][PASSED] - Text of object 'Object Repository/Object Product Page/firstProductName' is: 'Sauce Labs Onesie'

23-10-2025T19:40:08 - [TEST_STEP][PASSED] - if (sortType == "az"): null

23-10-2025T19:40:08 - [TEST_STEP][PASSED] - else if (sortType == "za"): null

23-10-2025T19:40:08 - [TEST_STEP][PASSED] - else if (sortType == "lohi"): Actual text 'Sauce Labs Onesie' and expected text 'Sauce Labs Onesie' are matched 

23-10-2025T19:40:08 - [TEST_STEP][PASSED] - verifyMatch(firstProduct, "Sauce Labs Onesie", false): Actual text 'Sauce Labs Onesie' and expected text 'Sauce Labs Onesie' are matched 

23-10-2025T19:40:08 - [MESSAGE][PASSED] - Actual text 'Sauce Labs Onesie' and expected text 'Sauce Labs Onesie' are matched]]></system-out>
         <system-err><![CDATA[]]></system-err>
      </testcase>
      <testcase name="Test Cases/sort product" time="20.906" classname="Test Cases/sort product" status="PASSED">
         <properties>
            <property name="data_binding"><![CDATA[{"sortType":"hilo","expected":"$49.99"}]]></property>
         </properties>
         <system-out><![CDATA[23-10-2025T19:40:08 - [TEST_CASE][PASSED] - Test Cases/sort product: Test Cases/sort product

23-10-2025T19:40:08 - [TEST_STEP][PASSED] - openBrowser(""): Browser is opened with url: ''

23-10-2025T19:40:08 - [MESSAGE][WARNING] - A browser is already opened. Closing browser and opening a new one

23-10-2025T19:40:09 - [MESSAGE][INFO] - Starting 'Firefox' driver

23-10-2025T19:40:09 - [MESSAGE][INFO] - Action delay is set to 0 milliseconds

23-10-2025T19:40:16 - [MESSAGE][PASSED] - Browser is opened with url: ''

23-10-2025T19:40:16 - [TEST_STEP][PASSED] - navigateToUrl("https://www.saucedemo.com/"): Navigate to 'https://www.saucedemo.com/' successfully

23-10-2025T19:40:18 - [MESSAGE][PASSED] - Navigate to 'https://www.saucedemo.com/' successfully

23-10-2025T19:40:18 - [TEST_STEP][PASSED] - verifyElementPresent(findTestObject("Object Login Page/usernameField"), 1): Object 'Object Repository/Object Login Page/usernameField' is present

23-10-2025T19:40:19 - [MESSAGE][PASSED] - Object 'Object Repository/Object Login Page/usernameField' is present

23-10-2025T19:40:19 - [TEST_STEP][PASSED] - setText(findTestObject("Object Login Page/usernameField"), "standard_user"): Text 'standard_user' is set on object 'Object Repository/Object Login Page/usernameField'

23-10-2025T19:40:20 - [MESSAGE][PASSED] - Text 'standard_user' is set on object 'Object Repository/Object Login Page/usernameField'

23-10-2025T19:40:20 - [TEST_STEP][PASSED] - verifyElementPresent(findTestObject("Object Login Page/passwordField"), 1): Object 'Object Repository/Object Login Page/passwordField' is present

23-10-2025T19:40:20 - [MESSAGE][PASSED] - Object 'Object Repository/Object Login Page/passwordField' is present

23-10-2025T19:40:20 - [TEST_STEP][PASSED] - setText(findTestObject("Object Login Page/passwordField"), "secret_sauce"): Text 'secret_sauce' is set on object 'Object Repository/Object Login Page/passwordField'

23-10-2025T19:40:21 - [MESSAGE][PASSED] - Text 'secret_sauce' is set on object 'Object Repository/Object Login Page/passwordField'

23-10-2025T19:40:21 - [TEST_STEP][PASSED] - verifyElementPresent(findTestObject("Object Login Page/loginBtn"), 1): Object 'Object Repository/Object Login Page/loginBtn' is present

23-10-2025T19:40:21 - [MESSAGE][PASSED] - Object 'Object Repository/Object Login Page/loginBtn' is present

23-10-2025T19:40:21 - [TEST_STEP][PASSED] - click(findTestObject("Object Login Page/loginBtn")): Object: 'Object Repository/Object Login Page/loginBtn' is clicked on

23-10-2025T19:40:22 - [MESSAGE][PASSED] - Object: 'Object Repository/Object Login Page/loginBtn' is clicked on

23-10-2025T19:40:22 - [TEST_STEP][PASSED] - delay(5): Delayed 5 second(s)

23-10-2025T19:40:27 - [MESSAGE][PASSED] - Delayed 5 second(s)

23-10-2025T19:40:27 - [TEST_STEP][PASSED] - click(findTestObject("Object Product Page/dropdownSort")): Object: 'Object Repository/Object Product Page/dropdownSort' is clicked on

23-10-2025T19:40:27 - [MESSAGE][PASSED] - Object: 'Object Repository/Object Product Page/dropdownSort' is clicked on

23-10-2025T19:40:27 - [TEST_STEP][PASSED] - selectOptionByValue(findTestObject("Object Product Page/dropdownSort"), sortType, false): All options with value 'hilo' are selected in object 'Object Repository/Object Product Page/dropdownSort' 

23-10-2025T19:40:28 - [MESSAGE][PASSED] - All options with value 'hilo' are selected in object 'Object Repository/Object Product Page/dropdownSort' 

23-10-2025T19:40:28 - [TEST_STEP][PASSED] - firstProduct = getText(findTestObject("Object Product Page/firstProductName")): Text of object 'Object Repository/Object Product Page/firstProductName' is: 'Sauce Labs Fleece Jacket'

23-10-2025T19:40:29 - [MESSAGE][PASSED] - Text of object 'Object Repository/Object Product Page/firstProductName' is: 'Sauce Labs Fleece Jacket'

23-10-2025T19:40:29 - [TEST_STEP][PASSED] - if (sortType == "az"): null

23-10-2025T19:40:29 - [TEST_STEP][PASSED] - else if (sortType == "za"): null

23-10-2025T19:40:29 - [TEST_STEP][PASSED] - else if (sortType == "lohi"): null

23-10-2025T19:40:29 - [TEST_STEP][PASSED] - else if (sortType == "hilo"): Actual text 'Sauce Labs Fleece Jacket' and expected text 'Sauce Labs Fleece Jacket' are matched 

23-10-2025T19:40:29 - [TEST_STEP][PASSED] - verifyMatch(firstProduct, "Sauce Labs Fleece Jacket", false): Actual text 'Sauce Labs Fleece Jacket' and expected text 'Sauce Labs Fleece Jacket' are matched 

23-10-2025T19:40:29 - [MESSAGE][PASSED] - Actual text 'Sauce Labs Fleece Jacket' and expected text 'Sauce Labs Fleece Jacket' are matched]]></system-out>
         <system-err><![CDATA[]]></system-err>
      </testcase>
      <system-out><![CDATA[23-10-2025T19:38:55 - [TEST_SUITE][PASSED] - sort csv: null]]></system-out>
      <system-err><![CDATA[]]></system-err>
   </testsuite>
</testsuites>
